Using pre-set license
Built from '2020.3/staging' branch; Version is '2020.3.43f1 (75bff06b76bf) revision 7716848'; Using compiler version '192528614'; Build Type 'Release'
OS: 'Windows 11  (10.0.22631) 64bit Professional' Language: 'en' Physical Memory: 32638 MB
BatchMode: 1, IsHumanControllingUs: 0, StartBugReporterOnCrash: 0, Is64bit: 1, IsPro: 0

COMMAND LINE ARGUMENTS:
C:\Program Files\Unity\Hub\Editor\2020.3.43f1\Editor\Unity.exe
-adb2
-batchMode
-noUpm
-name
AssetImportWorker0
-projectPath
C:/Users/12114948/Desktop/kim/1st
-logFile
Logs/AssetImportWorker0.log
-srvPort
60452
Successfully changed project path to: C:/Users/12114948/Desktop/kim/1st
C:/Users/12114948/Desktop/kim/1st
Using Asset Import Pipeline V2.
Refreshing native plugins compatible for Editor in 53.38 ms, found 2 plugins.
Preloading 0 native plugins for Editor in 0.00 ms.
Initialize engine version: 2020.3.43f1 (75bff06b76bf)
[Subsystems] Discovering subsystems at path C:/Program Files/Unity/Hub/Editor/2020.3.43f1/Editor/Data/Resources/UnitySubsystems
[Subsystems] Discovering subsystems at path C:/Users/12114948/Desktop/kim/1st/Assets
GfxDevice: creating device client; threaded=0
Direct3D:
    Version:  Direct3D 11.0 [level 11.1]
    Renderer: NVIDIA Quadro P4000 (ID=0x1bb1)
    Vendor:   
    VRAM:     8081 MB
    Driver:   31.0.15.3770
Initialize mono
Mono path[0] = 'C:/Program Files/Unity/Hub/Editor/2020.3.43f1/Editor/Data/Managed'
Mono path[1] = 'C:/Program Files/Unity/Hub/Editor/2020.3.43f1/Editor/Data/MonoBleedingEdge/lib/mono/unityjit'
Mono config path = 'C:/Program Files/Unity/Hub/Editor/2020.3.43f1/Editor/Data/MonoBleedingEdge/etc'
Using monoOptions --debugger-agent=transport=dt_socket,embedding=1,server=y,suspend=n,address=127.0.0.1:56372
Begin MonoManager ReloadAssembly
Registering precompiled unity dll's ...
Register platform support module: C:/Program Files/Unity/Hub/Editor/2020.3.43f1/Editor/Data/PlaybackEngines/WindowsStandaloneSupport/UnityEditor.WindowsStandalone.Extensions.dll
Registered in 0.001192 seconds.
Native extension for WindowsStandalone target not found
Refreshing native plugins compatible for Editor in 46.84 ms, found 2 plugins.
Preloading 0 native plugins for Editor in 0.00 ms.
Mono: successfully reloaded assembly
- Completed reload, in  0.526 seconds
Domain Reload Profiling:
	ReloadAssembly (526ms)
		BeginReloadAssembly (54ms)
			ExecutionOrderSort (0ms)
			DisableScriptedObjects (0ms)
			BackupInstance (0ms)
			ReleaseScriptingObjects (0ms)
			CreateAndSetChildDomain (1ms)
		EndReloadAssembly (409ms)
			LoadAssemblies (53ms)
			RebuildTransferFunctionScriptingTraits (0ms)
			SetupTypeCache (135ms)
			ReleaseScriptCaches (0ms)
			RebuildScriptCaches (30ms)
			SetupLoadedEditorAssemblies (154ms)
				LogAssemblyErrors (0ms)
				InitializePlatformSupportModulesInManaged (4ms)
				SetLoadedEditorAssemblies (0ms)
				RefreshPlugins (47ms)
				BeforeProcessingInitializeOnLoad (7ms)
				ProcessInitializeOnLoadAttributes (70ms)
				ProcessInitializeOnLoadMethodAttributes (25ms)
				AfterProcessingInitializeOnLoad (0ms)
				EditorAssembliesLoaded (0ms)
			ExecutionOrderSort2 (0ms)
			AwakeInstancesAfterBackupRestoration (0ms)
Platform modules already initialized, skipping
Registering precompiled user dll's ...
Registered in 0.002415 seconds.
Begin MonoManager ReloadAssembly
Native extension for WindowsStandalone target not found
Refreshing native plugins compatible for Editor in 0.46 ms, found 2 plugins.
Preloading 0 native plugins for Editor in 0.00 ms.
Mono: successfully reloaded assembly
- Completed reload, in  0.856 seconds
Domain Reload Profiling:
	ReloadAssembly (857ms)
		BeginReloadAssembly (126ms)
			ExecutionOrderSort (0ms)
			DisableScriptedObjects (4ms)
			BackupInstance (0ms)
			ReleaseScriptingObjects (0ms)
			CreateAndSetChildDomain (17ms)
		EndReloadAssembly (679ms)
			LoadAssemblies (77ms)
			RebuildTransferFunctionScriptingTraits (0ms)
			SetupTypeCache (238ms)
			ReleaseScriptCaches (0ms)
			RebuildScriptCaches (38ms)
			SetupLoadedEditorAssemblies (260ms)
				LogAssemblyErrors (0ms)
				InitializePlatformSupportModulesInManaged (4ms)
				SetLoadedEditorAssemblies (0ms)
				RefreshPlugins (1ms)
				BeforeProcessingInitializeOnLoad (48ms)
				ProcessInitializeOnLoadAttributes (192ms)
				ProcessInitializeOnLoadMethodAttributes (12ms)
				AfterProcessingInitializeOnLoad (4ms)
				EditorAssembliesLoaded (0ms)
			ExecutionOrderSort2 (0ms)
			AwakeInstancesAfterBackupRestoration (2ms)
Platform modules already initialized, skipping
========================================================================
Worker process is ready to serve import requests
Launched and connected shader compiler UnityShaderCompiler.exe after 0.04 seconds
Refreshing native plugins compatible for Editor in 0.46 ms, found 2 plugins.
Preloading 0 native plugins for Editor in 0.00 ms.
Unloading 1560 Unused Serialized files (Serialized files now loaded: 0)
System memory in use before: 196.9 MB.
System memory in use after: 197.0 MB.

Unloading 15 unused Assets to reduce memory usage. Loaded Objects now: 2049.
Total: 2.194600 ms (FindLiveObjects: 0.107200 ms CreateObjectMapping: 0.038800 ms MarkObjects: 2.029700 ms  DeleteObjects: 0.018200 ms)

AssetImportParameters requested are different than current active one (requested -> active):
  custom:framework-win-MediaFoundation: 216162199b28c13a410421893ffa2e32 -> 
  custom:video-decoder-ogg-theora: a1e56fd34408186e4bbccfd4996cb3dc -> 
  custom:container-muxer-webm: aa71ff27fc2769a1b78a27578f13a17b -> 
  custom:container-demuxer-webm: 4f35f7cbe854078d1ac9338744f61a02 -> 
  custom:container-demuxer-ogg: 62fdf1f143b41e24485cea50d1cbac27 -> 
  custom:video-encoder-webm-vp8: eb34c28f22e8b96e1ab97ce403110664 -> 
  custom:video-decoder-webm-vp8: 9c59270c3fd7afecdb556c50c9e8de78 -> 
  custom:audio-decoder-ogg-vorbis: bf7c407c2cedff20999df2af8eb42d56 -> 
  custom:audio-encoder-webm-vorbis: bf7c407c2cedff20999df2af8eb42d56 -> 
========================================================================
Received Import Request.
  path: Assets/BeerFinal.fbx
  artifactKey: Guid(35a53c15b664f3f43be6f33cd9a6dbce) Importer(815301076,1909f56bfc062723c751e8b465ee728b)
Start importing Assets/BeerFinal.fbx using Guid(35a53c15b664f3f43be6f33cd9a6dbce) Importer(815301076,1909f56bfc062723c751e8b465ee728b)  -> (artifact id: '6ffaf0dd44b8580e3490d0cec000ec9c') in 0.144863 seconds 
========================================================================
Received Import Request.
  Time since last request: 160.915938 seconds.
  path: Assets/PBR_Watermelon/beer
  artifactKey: Guid(3027fdf41ee1120449c4933dc930f434) Importer(815301076,1909f56bfc062723c751e8b465ee728b)
Start importing Assets/PBR_Watermelon/beer using Guid(3027fdf41ee1120449c4933dc930f434) Importer(815301076,1909f56bfc062723c751e8b465ee728b)  -> (artifact id: '61da0a1fea25b0106cfbe7e14ed3c9cb') in 0.006716 seconds 
========================================================================
Received Import Request.
  Time since last request: 17.608931 seconds.
  path: Assets/Medieval props/FBX/BeerBarrelV1.fbx
  artifactKey: Guid(c725e19c5be01c34aba04b0b69584741) Importer(815301076,1909f56bfc062723c751e8b465ee728b)
Start importing Assets/Medieval props/FBX/BeerBarrelV1.fbx using Guid(c725e19c5be01c34aba04b0b69584741) Importer(815301076,1909f56bfc062723c751e8b465ee728b)  -> (artifact id: 'd6850eb3256250c10c80842443800fff') in 0.035215 seconds 
========================================================================
Received Import Request.
  Time since last request: 22.853906 seconds.
  path: Assets/Beer
  artifactKey: Guid(b63b111d70bce3543b773aa2635e4aac) Importer(815301076,1909f56bfc062723c751e8b465ee728b)
Start importing Assets/Beer using Guid(b63b111d70bce3543b773aa2635e4aac) Importer(815301076,1909f56bfc062723c751e8b465ee728b)  -> (artifact id: 'e666f977c893d4dbb1ab6ced4d5a789a') in 0.006754 seconds 
========================================================================
Received Import Request.
  Time since last request: 16.376469 seconds.
  path: Assets/Beer/beer_txt.png
  artifactKey: Guid(409cae93f49bc4c4db146e3d37105717) Importer(815301076,1909f56bfc062723c751e8b465ee728b)
Start importing Assets/Beer/beer_txt.png using Guid(409cae93f49bc4c4db146e3d37105717) Importer(815301076,1909f56bfc062723c751e8b465ee728b)  -> (artifact id: '65b31bc50ee4d395622c37a4bb9b4fec') in 0.027570 seconds 
========================================================================
Received Import Request.
  Time since last request: 512.503235 seconds.
  path: Assets/Holy water
  artifactKey: Guid(94e0c517cb6ff3147b1537264af5854e) Importer(815301076,1909f56bfc062723c751e8b465ee728b)
Start importing Assets/Holy water using Guid(94e0c517cb6ff3147b1537264af5854e) Importer(815301076,1909f56bfc062723c751e8b465ee728b)  -> (artifact id: 'bb18e41a5c82308c9ae0363491b8de71') in 0.007989 seconds 
========================================================================
Received Import Request.
  Time since last request: 42.301394 seconds.
  path: Assets/Holy water/benitier_low_UV.obj
  artifactKey: Guid(a0e2842618b79bd49aa59f0c44b8753b) Importer(815301076,1909f56bfc062723c751e8b465ee728b)
Start importing Assets/Holy water/benitier_low_UV.obj using Guid(a0e2842618b79bd49aa59f0c44b8753b) Importer(815301076,1909f56bfc062723c751e8b465ee728b)  -> (artifact id: 'a7a83a7453af17428d76b799b01209a7') in 0.031844 seconds 
========================================================================
Received Import Request.
  Time since last request: 52.250908 seconds.
  path: Assets/Holy water/UV_normal.png
  artifactKey: Guid(3fab1aff4913e724e91f99571f1ab237) Importer(815301076,1909f56bfc062723c751e8b465ee728b)
Start importing Assets/Holy water/UV_normal.png using Guid(3fab1aff4913e724e91f99571f1ab237) Importer(815301076,1909f56bfc062723c751e8b465ee728b)  -> (artifact id: '6f4267ba4553ab6ade98cabe0220d8b1') in 0.026281 seconds 
========================================================================
Received Import Request.
  Time since last request: 0.000196 seconds.
  path: Assets/Holy water/UV_ao.png
  artifactKey: Guid(c7b2f5a282d703142a8bbd0bf3d630c4) Importer(815301076,1909f56bfc062723c751e8b465ee728b)
Start importing Assets/Holy water/UV_ao.png using Guid(c7b2f5a282d703142a8bbd0bf3d630c4) Importer(815301076,1909f56bfc062723c751e8b465ee728b)  -> (artifact id: '16410a6e7f5e293e6cb5660edccb8e89') in 0.018033 seconds 
========================================================================
Received Import Request.
  Time since last request: 0.000205 seconds.
  path: Assets/Holy water/UV_albedo_4k.png
  artifactKey: Guid(73f0364823c9aef469b4a71aefbfc7a5) Importer(815301076,1909f56bfc062723c751e8b465ee728b)
Start importing Assets/Holy water/UV_albedo_4k.png using Guid(73f0364823c9aef469b4a71aefbfc7a5) Importer(815301076,1909f56bfc062723c751e8b465ee728b)  -> (artifact id: '6f94c22690b66145ba2fca3a8d895de0') in 0.015396 seconds 
========================================================================
Received Import Request.
  Time since last request: 96.816190 seconds.
  path: Assets/chest
  artifactKey: Guid(94260882d33181247b310f0b53b190c9) Importer(815301076,1909f56bfc062723c751e8b465ee728b)
Start importing Assets/chest using Guid(94260882d33181247b310f0b53b190c9) Importer(815301076,1909f56bfc062723c751e8b465ee728b)  -> (artifact id: '57a071cd5e749819cef6a3986bfda1b6') in 0.007480 seconds 
========================================================================
Received Import Request.
  Time since last request: 36.093771 seconds.
  path: Assets/chest/model.dae
  artifactKey: Guid(cae76a396a69e6d4db71dfed59ffbffc) Importer(815301076,1909f56bfc062723c751e8b465ee728b)
Start importing Assets/chest/model.dae using Guid(cae76a396a69e6d4db71dfed59ffbffc) Importer(815301076,1909f56bfc062723c751e8b465ee728b)  -> (artifact id: 'e258d6cd0f311da85e4a1c5f90a2368b') in 0.085890 seconds 
========================================================================
Received Import Request.
  Time since last request: 56.385477 seconds.
  path: Assets/chest/DefaultMaterial_roughness.jpg
  artifactKey: Guid(0743ea4ad11aac248b98ddd337c4fdca) Importer(815301076,1909f56bfc062723c751e8b465ee728b)
Start importing Assets/chest/DefaultMaterial_roughness.jpg using Guid(0743ea4ad11aac248b98ddd337c4fdca) Importer(815301076,1909f56bfc062723c751e8b465ee728b)  -> (artifact id: '29feeee4931266215b43bb4503cf95f3') in 0.013917 seconds 
========================================================================
Received Import Request.
  Time since last request: 0.000245 seconds.
  path: Assets/chest/DefaultMaterial_AO.jpg
  artifactKey: Guid(42e863c4652ec604e9f5da55fb9ed67e) Importer(815301076,1909f56bfc062723c751e8b465ee728b)
Start importing Assets/chest/DefaultMaterial_AO.jpg using Guid(42e863c4652ec604e9f5da55fb9ed67e) Importer(815301076,1909f56bfc062723c751e8b465ee728b)  -> (artifact id: '9bb6e16b20ad7db84e24ccb87700f3c9') in 0.011505 seconds 
========================================================================
Received Import Request.
  Time since last request: 0.000238 seconds.
  path: Assets/chest/DefaultMaterial_albedo.jpg
  artifactKey: Guid(9a3ce66f97aeb3043bc55573947fabdf) Importer(815301076,1909f56bfc062723c751e8b465ee728b)
Start importing Assets/chest/DefaultMaterial_albedo.jpg using Guid(9a3ce66f97aeb3043bc55573947fabdf) Importer(815301076,1909f56bfc062723c751e8b465ee728b)  -> (artifact id: 'ce30ce6a27ac6d937c891ef94e32e74e') in 0.012139 seconds 
========================================================================
Received Import Request.
  Time since last request: 0.000212 seconds.
  path: Assets/chest/DefaultMaterial_metallic.jpg
  artifactKey: Guid(41388097d9d908543a3b575c31d58e78) Importer(815301076,1909f56bfc062723c751e8b465ee728b)
Start importing Assets/chest/DefaultMaterial_metallic.jpg using Guid(41388097d9d908543a3b575c31d58e78) Importer(815301076,1909f56bfc062723c751e8b465ee728b)  -> (artifact id: '5c012981cb82cc20a428abf6ec0efca3') in 0.011625 seconds 
========================================================================
Received Import Request.
  Time since last request: 0.000190 seconds.
  path: Assets/chest/DefaultMaterial_normal.jpg
  artifactKey: Guid(0ac1eed995624154699a921213d5e4dc) Importer(815301076,1909f56bfc062723c751e8b465ee728b)
Start importing Assets/chest/DefaultMaterial_normal.jpg using Guid(0ac1eed995624154699a921213d5e4dc) Importer(815301076,1909f56bfc062723c751e8b465ee728b)  -> (artifact id: 'b366ada569754e612615a732c778fb24') in 0.010951 seconds 
========================================================================
Received Prepare
Registering precompiled user dll's ...
Registered in 0.002228 seconds.
Begin MonoManager ReloadAssembly
Native extension for WindowsStandalone target not found
Refreshing native plugins compatible for Editor in 0.47 ms, found 2 plugins.
Preloading 0 native plugins for Editor in 0.00 ms.
Mono: successfully reloaded assembly
- Completed reload, in  0.823 seconds
Domain Reload Profiling:
	ReloadAssembly (824ms)
		BeginReloadAssembly (97ms)
			ExecutionOrderSort (0ms)
			DisableScriptedObjects (3ms)
			BackupInstance (0ms)
			ReleaseScriptingObjects (0ms)
			CreateAndSetChildDomain (29ms)
		EndReloadAssembly (674ms)
			LoadAssemblies (81ms)
			RebuildTransferFunctionScriptingTraits (0ms)
			SetupTypeCache (253ms)
			ReleaseScriptCaches (1ms)
			RebuildScriptCaches (35ms)
			SetupLoadedEditorAssemblies (237ms)
				LogAssemblyErrors (0ms)
				InitializePlatformSupportModulesInManaged (4ms)
				SetLoadedEditorAssemblies (0ms)
				RefreshPlugins (1ms)
				BeforeProcessingInitializeOnLoad (43ms)
				ProcessInitializeOnLoadAttributes (174ms)
				ProcessInitializeOnLoadMethodAttributes (11ms)
				AfterProcessingInitializeOnLoad (4ms)
				EditorAssembliesLoaded (0ms)
			ExecutionOrderSort2 (0ms)
			AwakeInstancesAfterBackupRestoration (2ms)
Platform modules already initialized, skipping
Refreshing native plugins compatible for Editor in 0.48 ms, found 2 plugins.
Preloading 0 native plugins for Editor in 0.00 ms.
Unloading 1546 Unused Serialized files (Serialized files now loaded: 0)
System memory in use before: 199.7 MB.
System memory in use after: 199.8 MB.

Unloading 14 unused Assets to reduce memory usage. Loaded Objects now: 2095.
Total: 2.448900 ms (FindLiveObjects: 0.134700 ms CreateObjectMapping: 0.040500 ms MarkObjects: 2.252800 ms  DeleteObjects: 0.020200 ms)

AssetImportParameters requested are different than current active one (requested -> active):
  custom:framework-win-MediaFoundation: 216162199b28c13a410421893ffa2e32 -> 
  custom:video-decoder-ogg-theora: a1e56fd34408186e4bbccfd4996cb3dc -> 
  custom:container-muxer-webm: aa71ff27fc2769a1b78a27578f13a17b -> 
  custom:container-demuxer-webm: 4f35f7cbe854078d1ac9338744f61a02 -> 
  custom:container-demuxer-ogg: 62fdf1f143b41e24485cea50d1cbac27 -> 
  custom:video-encoder-webm-vp8: eb34c28f22e8b96e1ab97ce403110664 -> 
  custom:video-decoder-webm-vp8: 9c59270c3fd7afecdb556c50c9e8de78 -> 
  custom:audio-decoder-ogg-vorbis: bf7c407c2cedff20999df2af8eb42d56 -> 
  custom:audio-encoder-webm-vorbis: bf7c407c2cedff20999df2af8eb42d56 -> 
========================================================================
Received Prepare
Registering precompiled user dll's ...
Registered in 0.002192 seconds.
Begin MonoManager ReloadAssembly
Native extension for WindowsStandalone target not found
Refreshing native plugins compatible for Editor in 0.46 ms, found 2 plugins.
Preloading 0 native plugins for Editor in 0.00 ms.
Mono: successfully reloaded assembly
- Completed reload, in  0.788 seconds
Domain Reload Profiling:
	ReloadAssembly (789ms)
		BeginReloadAssembly (96ms)
			ExecutionOrderSort (0ms)
			DisableScriptedObjects (4ms)
			BackupInstance (0ms)
			ReleaseScriptingObjects (0ms)
			CreateAndSetChildDomain (28ms)
		EndReloadAssembly (637ms)
			LoadAssemblies (81ms)
			RebuildTransferFunctionScriptingTraits (0ms)
			SetupTypeCache (220ms)
			ReleaseScriptCaches (1ms)
			RebuildScriptCaches (33ms)
			SetupLoadedEditorAssemblies (239ms)
				LogAssemblyErrors (0ms)
				InitializePlatformSupportModulesInManaged (4ms)
				SetLoadedEditorAssemblies (0ms)
				RefreshPlugins (1ms)
				BeforeProcessingInitializeOnLoad (41ms)
				ProcessInitializeOnLoadAttributes (176ms)
				ProcessInitializeOnLoadMethodAttributes (13ms)
				AfterProcessingInitializeOnLoad (5ms)
				EditorAssembliesLoaded (0ms)
			ExecutionOrderSort2 (0ms)
			AwakeInstancesAfterBackupRestoration (2ms)
Platform modules already initialized, skipping
Refreshing native plugins compatible for Editor in 0.46 ms, found 2 plugins.
Preloading 0 native plugins for Editor in 0.00 ms.
Unloading 1546 Unused Serialized files (Serialized files now loaded: 0)
System memory in use before: 199.8 MB.
System memory in use after: 199.9 MB.

Unloading 11 unused Assets to reduce memory usage. Loaded Objects now: 2098.
Total: 2.405400 ms (FindLiveObjects: 0.129800 ms CreateObjectMapping: 0.038400 ms MarkObjects: 2.219900 ms  DeleteObjects: 0.016700 ms)

AssetImportParameters requested are different than current active one (requested -> active):
  custom:framework-win-MediaFoundation: 216162199b28c13a410421893ffa2e32 -> 
  custom:video-decoder-ogg-theora: a1e56fd34408186e4bbccfd4996cb3dc -> 
  custom:container-muxer-webm: aa71ff27fc2769a1b78a27578f13a17b -> 
  custom:container-demuxer-webm: 4f35f7cbe854078d1ac9338744f61a02 -> 
  custom:container-demuxer-ogg: 62fdf1f143b41e24485cea50d1cbac27 -> 
  custom:video-encoder-webm-vp8: eb34c28f22e8b96e1ab97ce403110664 -> 
  custom:video-decoder-webm-vp8: 9c59270c3fd7afecdb556c50c9e8de78 -> 
  custom:audio-decoder-ogg-vorbis: bf7c407c2cedff20999df2af8eb42d56 -> 
  custom:audio-encoder-webm-vorbis: bf7c407c2cedff20999df2af8eb42d56 -> 
AssetImportWorkerClient::OnTransportError - code=2 error=End of file
